[2025-12-10T15:14:44.341] txpower -13
[2025-12-10T15:14:44.342] 
[2025-12-10T15:14:44.343] Done
[2025-12-10T15:14:44.344] > 
[2025-12-10T15:14:44.347] > ipaddr
[2025-12-10T15:14:44.351] 
[2025-12-10T15:14:44.364] fd91:92ed:701b:1:bab:5141:a773:54e8
[2025-12-10T15:14:44.374] fd72:e9dd:7d27:e872:0:ff:fe00:c41
[2025-12-10T15:14:44.383] fd72:e9dd:7d27:e872:6d32:a1b9:1fd9:4de7
[2025-12-10T15:14:44.388] fe80:0:0:0:c081:b0c4:be2a:1745
[2025-12-10T15:14:44.389] Done
[2025-12-10T15:14:44.390] > 
[2025-12-10T15:14:44.490] > 
[2025-12-10T15:14:45.104] txpower -13
[2025-12-10T15:14:45.105] 
[2025-12-10T15:14:45.106] Done
[2025-12-10T15:14:45.107] > 
[2025-12-10T15:14:45.108] > state
[2025-12-10T15:14:45.108] 
[2025-12-10T15:14:45.109] child
[2025-12-10T15:14:45.110] Done
[2025-12-10T15:14:45.111] > 
[2025-12-10T15:14:45.112] > parent
[2025-12-10T15:14:45.113] 
[2025-12-10T15:14:45.116] Ext Addr: 4a74f76b6296c142
[2025-12-10T15:14:45.117] Rloc: c00
[2025-12-10T15:14:45.118] Link Quality In: 3
[2025-12-10T15:14:45.119] Link Quality Out: 3
[2025-12-10T15:14:45.120] Age: 4
[2025-12-10T15:14:45.120] Version: 5
[2025-12-10T15:14:45.121] Done
[2025-12-10T15:14:45.121] > 
[2025-12-10T15:14:45.221] > 
[2025-12-10T15:14:46.038] txpower -13
[2025-12-10T15:14:46.039] 
[2025-12-10T15:14:46.039] Done
[2025-12-10T15:14:46.040] > 
[2025-12-10T15:14:46.041] > state
[2025-12-10T15:14:46.041] 
[2025-12-10T15:14:46.042] child
[2025-12-10T15:14:46.043] Done
[2025-12-10T15:14:46.044] > 
[2025-12-10T15:14:46.045] > parent
[2025-12-10T15:14:46.046] 
[2025-12-10T15:14:46.049] Ext Addr: 4a74f76b6296c142
[2025-12-10T15:14:46.050] Rloc: c00
[2025-12-10T15:14:46.051] Link Quality In: 3
[2025-12-10T15:14:46.053] Link Quality Out: 3
[2025-12-10T15:14:46.053] Age: 5
[2025-12-10T15:14:46.054] Version: 5
[2025-12-10T15:14:46.054] Done
[2025-12-10T15:14:46.054] > 
[2025-12-10T15:14:46.058] > ping fd72:e9dd:7d27:e872:0:ff:fe00:0c00
[2025-12-10T15:14:46.058] 
[2025-12-10T15:14:46.079] 16 bytes from fd72:e9dd:7d27:e872:0:ff:fe00:c00: icmp_seq=1 hlim=64 time=13ms
[2025-12-10T15:14:46.088] 1 packets transmitted, 1 packets received. Packet loss = 0.0%. Round-trip min/avg/max = 13/13.000/13 ms.
[2025-12-10T15:14:46.088] Done
[2025-12-10T15:14:46.089] > 
[2025-12-10T15:14:46.189] > 
[2025-12-10T15:14:47.107] txpower -13
[2025-12-10T15:14:47.107] 
[2025-12-10T15:14:47.108] Done
[2025-12-10T15:14:47.109] > 
[2025-12-10T15:14:47.110] > state
[2025-12-10T15:14:47.110] 
[2025-12-10T15:14:47.111] child
[2025-12-10T15:14:47.113] Done
[2025-12-10T15:14:47.113] > 
[2025-12-10T15:14:47.114] > parent
[2025-12-10T15:14:47.115] 
[2025-12-10T15:14:47.118] Ext Addr: 4a74f76b6296c142
[2025-12-10T15:14:47.119] Rloc: c00
[2025-12-10T15:14:47.122] Link Quality In: 3
[2025-12-10T15:14:47.125] Link Quality Out: 3
[2025-12-10T15:14:47.126] Age: 6
[2025-12-10T15:14:47.128] Version: 5
[2025-12-10T15:14:47.128] Done
[2025-12-10T15:14:47.129] > 
[2025-12-10T15:14:47.134] > ping fd72:e9dd:7d27:e872:0:ff:fe00:0c00
[2025-12-10T15:14:47.135] 
[2025-12-10T15:14:47.153] 16 bytes from fd72:e9dd:7d27:e872:0:ff:fe00:c00: icmp_seq=2 hlim=64 time=17ms
[2025-12-10T15:14:47.165] 1 packets transmitted, 1 packets received. Packet loss = 0.0%. Round-trip min/avg/max = 17/17.000/17 ms.
[2025-12-10T15:14:47.166] Done
[2025-12-10T15:14:47.167] > 
[2025-12-10T15:14:47.267] > 
[2025-12-10T15:14:48.084] txpower -13
[2025-12-10T15:14:48.085] 
[2025-12-10T15:14:48.086] Done
[2025-12-10T15:14:48.086] > 
[2025-12-10T15:14:48.087] > state
[2025-12-10T15:14:48.088] 
[2025-12-10T15:14:48.089] child
[2025-12-10T15:14:48.089] Done
[2025-12-10T15:14:48.090] > 
[2025-12-10T15:14:48.091] > parent
[2025-12-10T15:14:48.092] 
[2025-12-10T15:14:48.095] Ext Addr: 4a74f76b6296c142
[2025-12-10T15:14:48.096] Rloc: c00
[2025-12-10T15:14:48.099] Link Quality In: 3
[2025-12-10T15:14:48.102] Link Quality Out: 3
[2025-12-10T15:14:48.103] Age: 7
[2025-12-10T15:14:48.104] Version: 5
[2025-12-10T15:14:48.104] Done
[2025-12-10T15:14:48.105] > 
[2025-12-10T15:14:48.107] > ping fd72:e9dd:7d27:e872:0:ff:fe00:0c00
[2025-12-10T15:14:48.107] 
[2025-12-10T15:14:48.142] 16 bytes from fd72:e9dd:7d27:e872:0:ff:fe00:c00: icmp_seq=3 hlim=64 time=28ms
[2025-12-10T15:14:48.150] 1 packets transmitted, 1 packets received. Packet loss = 0.0%. Round-trip min/avg/max = 28/28.000/28 ms.
[2025-12-10T15:14:48.150] Done
[2025-12-10T15:14:48.151] > 
[2025-12-10T15:14:48.251] > 
[2025-12-10T15:14:49.069] txpower -13
[2025-12-10T15:14:49.069] 
[2025-12-10T15:14:49.070] Done
[2025-12-10T15:14:49.070] > 
[2025-12-10T15:14:49.071] > state
[2025-12-10T15:14:49.072] 
[2025-12-10T15:14:49.073] child
[2025-12-10T15:14:49.074] Done
[2025-12-10T15:14:49.074] > 
[2025-12-10T15:14:49.075] > parent
[2025-12-10T15:14:49.076] 
[2025-12-10T15:14:49.079] Ext Addr: 4a74f76b6296c142
[2025-12-10T15:14:49.080] Rloc: c00
[2025-12-10T15:14:49.083] Link Quality In: 3
[2025-12-10T15:14:49.086] Link Quality Out: 3
[2025-12-10T15:14:49.087] Age: 8
[2025-12-10T15:14:49.089] Version: 5
[2025-12-10T15:14:49.090] Done
[2025-12-10T15:14:49.090] > 
[2025-12-10T15:14:49.095] > ping fd72:e9dd:7d27:e872:0:ff:fe00:0c00
[2025-12-10T15:14:49.096] 
[2025-12-10T15:14:49.113] 16 bytes from fd72:e9dd:7d27:e872:0:ff:fe00:c00: icmp_seq=4 hlim=64 time=15ms
[2025-12-10T15:14:49.125] 1 packets transmitted, 1 packets received. Packet loss = 0.0%. Round-trip min/avg/max = 15/15.000/15 ms.
[2025-12-10T15:14:49.126] Done
[2025-12-10T15:14:49.127] > 
[2025-12-10T15:14:49.227] > 
[2025-12-10T15:14:50.045] txpower -13
[2025-12-10T15:14:50.045] 
[2025-12-10T15:14:50.046] Done
[2025-12-10T15:14:50.047] > 
[2025-12-10T15:14:50.048] > state
[2025-12-10T15:14:50.048] 
[2025-12-10T15:14:50.050] child
[2025-12-10T15:14:50.051] Done
[2025-12-10T15:14:50.051] > 
[2025-12-10T15:14:50.053] > parent
[2025-12-10T15:14:50.053] 
[2025-12-10T15:14:50.056] Ext Addr: 4a74f76b6296c142
[2025-12-10T15:14:50.057] Rloc: c00
[2025-12-10T15:14:50.058] Link Quality In: 3
[2025-12-10T15:14:50.059] Link Quality Out: 3
[2025-12-10T15:14:50.060] Age: 0
[2025-12-10T15:14:50.060] Version: 5
[2025-12-10T15:14:50.061] Done
[2025-12-10T15:14:50.061] > 
[2025-12-10T15:14:50.064] > ping fd72:e9dd:7d27:e872:0:ff:fe00:0c00
[2025-12-10T15:14:50.064] 
[2025-12-10T15:14:50.098] 16 bytes from fd72:e9dd:7d27:e872:0:ff:fe00:c00: icmp_seq=5 hlim=64 time=26ms
[2025-12-10T15:14:50.107] 1 packets transmitted, 1 packets received. Packet loss = 0.0%. Round-trip min/avg/max = 26/26.000/26 ms.
[2025-12-10T15:14:50.108] Done
[2025-12-10T15:14:50.108] > 
[2025-12-10T15:14:50.209] > 
[2025-12-10T15:14:51.026] txpower -13
[2025-12-10T15:14:51.027] 
[2025-12-10T15:14:51.028] Done
[2025-12-10T15:14:51.029] > 
[2025-12-10T15:14:51.030] > state
[2025-12-10T15:14:51.031] 
[2025-12-10T15:14:51.032] child
[2025-12-10T15:14:51.034] Done
[2025-12-10T15:14:51.035] > 
[2025-12-10T15:14:51.037] > parent
[2025-12-10T15:14:51.038] 
[2025-12-10T15:14:51.043] Ext Addr: 4a74f76b6296c142
[2025-12-10T15:14:51.045] Rloc: c00
[2025-12-10T15:14:51.049] Link Quality In: 3
[2025-12-10T15:14:51.053] Link Quality Out: 3
[2025-12-10T15:14:51.057] Age: 1
[2025-12-10T15:14:51.060] Version: 5
[2025-12-10T15:14:51.061] Done
[2025-12-10T15:14:51.062] > 
[2025-12-10T15:14:51.069] > ping fd72:e9dd:7d27:e872:0:ff:fe00:0c00
[2025-12-10T15:14:51.070] 
[2025-12-10T15:14:51.085] 16 bytes from fd72:e9dd:7d27:e872:0:ff:fe00:c00: icmp_seq=6 hlim=64 time=26ms
[2025-12-10T15:14:51.116] 1 packets transmitted, 1 packets received. Packet loss = 0.0%. Round-trip min/avg/max = 26/26.000/26 ms.
[2025-12-10T15:14:51.119] Done
[2025-12-10T15:14:51.119] > 
[2025-12-10T15:14:51.220] > 
[2025-12-10T15:14:52.037] txpower -13
[2025-12-10T15:14:52.038] 
[2025-12-10T15:14:52.039] Done
[2025-12-10T15:14:52.040] > 
[2025-12-10T15:14:52.041] > state
[2025-12-10T15:14:52.041] 
[2025-12-10T15:14:52.043] child
[2025-12-10T15:14:52.044] Done
[2025-12-10T15:14:52.044] > 
[2025-12-10T15:14:52.046] > parent
[2025-12-10T15:14:52.046] 
[2025-12-10T15:14:52.050] Ext Addr: 4a74f76b6296c142
[2025-12-10T15:14:52.051] Rloc: c00
[2025-12-10T15:14:52.054] Link Quality In: 3
[2025-12-10T15:14:52.056] Link Quality Out: 3
[2025-12-10T15:14:52.058] Age: 2
[2025-12-10T15:14:52.059] Version: 5
[2025-12-10T15:14:52.060] Done
[2025-12-10T15:14:52.060] > 
[2025-12-10T15:14:52.065] > ping fd72:e9dd:7d27:e872:0:ff:fe00:0c00
[2025-12-10T15:14:52.066] 
[2025-12-10T15:14:52.115] 16 bytes from fd72:e9dd:7d27:e872:0:ff:fe00:c00: icmp_seq=7 hlim=64 time=46ms
[2025-12-10T15:14:52.134] 1 packets transmitted, 1 packets received. Packet loss = 0.0%. Round-trip min/avg/max = 46/46.000/46 ms.
[2025-12-10T15:14:52.136] Done
[2025-12-10T15:14:52.136] > 
[2025-12-10T15:14:52.237] > 
[2025-12-10T15:14:53.054] txpower -13
[2025-12-10T15:14:53.055] 
[2025-12-10T15:14:53.056] Done
[2025-12-10T15:14:53.056] > 
[2025-12-10T15:14:53.057] > state
[2025-12-10T15:14:53.058] 
[2025-12-10T15:14:53.059] child
[2025-12-10T15:14:53.060] Done
[2025-12-10T15:14:53.060] > 
[2025-12-10T15:14:53.062] > parent
[2025-12-10T15:14:53.062] 
[2025-12-10T15:14:53.066] Ext Addr: 4a74f76b6296c142
[2025-12-10T15:14:53.067] Rloc: c00
[2025-12-10T15:14:53.070] Link Quality In: 3
[2025-12-10T15:14:53.072] Link Quality Out: 3
[2025-12-10T15:14:53.074] Age: 3
[2025-12-10T15:14:53.075] Version: 5
[2025-12-10T15:14:53.076] Done
[2025-12-10T15:14:53.077] > 
[2025-12-10T15:14:53.082] > ping fd72:e9dd:7d27:e872:0:ff:fe00:0c00
[2025-12-10T15:14:53.082] 
[2025-12-10T15:14:53.099] 16 bytes from fd72:e9dd:7d27:e872:0:ff:fe00:c00: icmp_seq=8 hlim=64 time=14ms
[2025-12-10T15:14:53.111] 1 packets transmitted, 1 packets received. Packet loss = 0.0%. Round-trip min/avg/max = 14/14.000/14 ms.
[2025-12-10T15:14:53.112] Done
[2025-12-10T15:14:53.112] > 
[2025-12-10T15:14:53.213] > 
[2025-12-10T15:14:54.030] txpower -13
[2025-12-10T15:14:54.031] 
[2025-12-10T15:14:54.032] Done
[2025-12-10T15:14:54.032] > 
[2025-12-10T15:14:54.033] > state
[2025-12-10T15:14:54.033] 
[2025-12-10T15:14:54.034] child
[2025-12-10T15:14:54.035] Done
[2025-12-10T15:14:54.036] > 
[2025-12-10T15:14:54.037] > parent
[2025-12-10T15:14:54.038] 
[2025-12-10T15:14:54.041] Ext Addr: 4a74f76b6296c142
[2025-12-10T15:14:54.043] Rloc: c00
[2025-12-10T15:14:54.045] Link Quality In: 3
[2025-12-10T15:14:54.048] Link Quality Out: 3
[2025-12-10T15:14:54.049] Age: 4
[2025-12-10T15:14:54.050] Version: 5
[2025-12-10T15:14:54.051] Done
[2025-12-10T15:14:54.052] > 
[2025-12-10T15:14:54.057] > ping fd72:e9dd:7d27:e872:0:ff:fe00:0c00
[2025-12-10T15:14:54.058] 
[2025-12-10T15:14:54.079] 16 bytes from fd72:e9dd:7d27:e872:0:ff:fe00:c00: icmp_seq=9 hlim=64 time=22ms
[2025-12-10T15:14:54.087] 1 packets transmitted, 1 packets received. Packet loss = 0.0%. Round-trip min/avg/max = 22/22.000/22 ms.
[2025-12-10T15:14:54.088] Done
[2025-12-10T15:14:54.088] > 
[2025-12-10T15:14:54.188] > 
[2025-12-10T15:14:55.106] txpower -13
[2025-12-10T15:14:55.107] 
[2025-12-10T15:14:55.108] Done
[2025-12-10T15:14:55.108] > 
[2025-12-10T15:14:55.109] > state
[2025-12-10T15:14:55.110] 
[2025-12-10T15:14:55.111] child
[2025-12-10T15:14:55.112] Done
[2025-12-10T15:14:55.112] > 
[2025-12-10T15:14:55.113] > parent
[2025-12-10T15:14:55.113] 
[2025-12-10T15:14:55.115] Ext Addr: 4a74f76b6296c142
[2025-12-10T15:14:55.116] Rloc: c00
[2025-12-10T15:14:55.118] Link Quality In: 3
[2025-12-10T15:14:55.120] Link Quality Out: 3
[2025-12-10T15:14:55.120] Age: 5
[2025-12-10T15:14:55.121] Version: 5
[2025-12-10T15:14:55.122] Done
[2025-12-10T15:14:55.122] > 
[2025-12-10T15:14:55.126] > ping fd72:e9dd:7d27:e872:0:ff:fe00:0c00
[2025-12-10T15:14:55.126] 
[2025-12-10T15:14:55.152] 16 bytes from fd72:e9dd:7d27:e872:0:ff:fe00:c00: icmp_seq=10 hlim=64 time=17ms
[2025-12-10T15:14:55.160] 1 packets transmitted, 1 packets received. Packet loss = 0.0%. Round-trip min/avg/max = 17/17.000/17 ms.
[2025-12-10T15:14:55.160] Done
[2025-12-10T15:14:55.160] > 
[2025-12-10T15:14:55.261] > 
[2025-12-10T15:14:56.078] txpower -13
[2025-12-10T15:14:56.079] 
[2025-12-10T15:14:56.080] Done
[2025-12-10T15:14:56.080] > 
[2025-12-10T15:14:56.081] > state
[2025-12-10T15:14:56.082] 
[2025-12-10T15:14:56.083] child
[2025-12-10T15:14:56.084] Done
[2025-12-10T15:14:56.084] > 
[2025-12-10T15:14:56.085] > parent
[2025-12-10T15:14:56.086] 
[2025-12-10T15:14:56.089] Ext Addr: 4a74f76b6296c142
[2025-12-10T15:14:56.090] Rloc: c00
[2025-12-10T15:14:56.091] Link Quality In: 3
[2025-12-10T15:14:56.092] Link Quality Out: 3
[2025-12-10T15:14:56.093] Age: 6
[2025-12-10T15:14:56.093] Version: 5
[2025-12-10T15:14:56.094] Done
[2025-12-10T15:14:56.094] > 
[2025-12-10T15:14:56.097] > ping fd72:e9dd:7d27:e872:0:ff:fe00:0c00
[2025-12-10T15:14:56.098] 
[2025-12-10T15:14:56.123] 16 bytes from fd72:e9dd:7d27:e872:0:ff:fe00:c00: icmp_seq=11 hlim=64 time=15ms
[2025-12-10T15:14:56.131] 1 packets transmitted, 1 packets received. Packet loss = 0.0%. Round-trip min/avg/max = 15/15.000/15 ms.
[2025-12-10T15:14:56.131] Done
[2025-12-10T15:14:56.131] > 
[2025-12-10T15:14:56.232] > 
[2025-12-10T15:14:57.049] txpower -13
[2025-12-10T15:14:57.049] 
[2025-12-10T15:14:57.050] Done
[2025-12-10T15:14:57.051] > 
[2025-12-10T15:14:57.052] > state
[2025-12-10T15:14:57.052] 
[2025-12-10T15:14:57.053] child
[2025-12-10T15:14:57.055] Done
[2025-12-10T15:14:57.055] > 
[2025-12-10T15:14:57.056] > parent
[2025-12-10T15:14:57.057] 
[2025-12-10T15:14:57.060] Ext Addr: 4a74f76b6296c142
[2025-12-10T15:14:57.061] Rloc: c00
[2025-12-10T15:14:57.062] Link Quality In: 3
[2025-12-10T15:14:57.063] Link Quality Out: 3
[2025-12-10T15:14:57.064] Age: 7
[2025-12-10T15:14:57.065] Version: 5
[2025-12-10T15:14:57.065] Done
[2025-12-10T15:14:57.065] > 
[2025-12-10T15:14:57.068] > ping fd72:e9dd:7d27:e872:0:ff:fe00:0c00
[2025-12-10T15:14:57.068] 
[2025-12-10T15:14:57.114] 16 bytes from fd72:e9dd:7d27:e872:0:ff:fe00:c00: icmp_seq=12 hlim=64 time=36ms
[2025-12-10T15:14:57.121] 1 packets transmitted, 1 packets received. Packet loss = 0.0%. Round-trip min/avg/max = 36/36.000/36 ms.
[2025-12-10T15:14:57.122] Done
[2025-12-10T15:14:57.122] > 
[2025-12-10T15:14:57.222] > 
[2025-12-10T15:14:58.040] txpower -13
[2025-12-10T15:14:58.040] 
[2025-12-10T15:14:58.041] Done
[2025-12-10T15:14:58.041] > 
[2025-12-10T15:14:58.042] > state
[2025-12-10T15:14:58.043] 
[2025-12-10T15:14:58.044] child
[2025-12-10T15:14:58.044] Done
[2025-12-10T15:14:58.045] > 
[2025-12-10T15:14:58.046] > parent
[2025-12-10T15:14:58.046] 
[2025-12-10T15:14:58.049] Ext Addr: 4a74f76b6296c142
[2025-12-10T15:14:58.051] Rloc: c00
[2025-12-10T15:14:58.053] Link Quality In: 3
[2025-12-10T15:14:58.056] Link Quality Out: 3
[2025-12-10T15:14:58.057] Age: 8
[2025-12-10T15:14:58.058] Version: 5
[2025-12-10T15:14:58.059] Done
[2025-12-10T15:14:58.060] > 
[2025-12-10T15:14:58.064] > ping fd72:e9dd:7d27:e872:0:ff:fe00:0c00
[2025-12-10T15:14:58.065] 
[2025-12-10T15:14:58.093] 16 bytes from fd72:e9dd:7d27:e872:0:ff:fe00:c00: icmp_seq=13 hlim=64 time=24ms
[2025-12-10T15:14:58.105] 1 packets transmitted, 1 packets received. Packet loss = 0.0%. Round-trip min/avg/max = 24/24.000/24 ms.
[2025-12-10T15:14:58.106] Done
[2025-12-10T15:14:58.107] > 
[2025-12-10T15:14:58.207] > 
[2025-12-10T15:14:59.024] txpower -13
[2025-12-10T15:14:59.024] 
[2025-12-10T15:14:59.024] Done
[2025-12-10T15:14:59.025] > 
[2025-12-10T15:14:59.025] > state
[2025-12-10T15:14:59.026] 
[2025-12-10T15:14:59.027] child
[2025-12-10T15:14:59.028] Done
[2025-12-10T15:14:59.029] > 
[2025-12-10T15:14:59.030] > parent
[2025-12-10T15:14:59.030] 
[2025-12-10T15:14:59.035] Ext Addr: 4a74f76b6296c142
[2025-12-10T15:14:59.036] Rloc: c00
[2025-12-10T15:14:59.039] Link Quality In: 3
[2025-12-10T15:14:59.042] Link Quality Out: 3
[2025-12-10T15:14:59.043] Age: 9
[2025-12-10T15:14:59.044] Version: 5
[2025-12-10T15:14:59.046] Done
[2025-12-10T15:14:59.046] > 
[2025-12-10T15:14:59.053] > ping fd72:e9dd:7d27:e872:0:ff:fe00:0c00
[2025-12-10T15:14:59.053] 
[2025-12-10T15:14:59.069] 16 bytes from fd72:e9dd:7d27:e872:0:ff:fe00:c00: icmp_seq=14 hlim=64 time=11ms
[2025-12-10T15:14:59.096] 1 packets transmitted, 1 packets received. Packet loss = 0.0%. Round-trip min/avg/max = 11/11.000/11 ms.
[2025-12-10T15:14:59.098] Done
[2025-12-10T15:14:59.099] > 
[2025-12-10T15:14:59.200] > 
[2025-12-10T15:15:00.018] txpower -13
[2025-12-10T15:15:00.019] 
[2025-12-10T15:15:00.020] Done
[2025-12-10T15:15:00.020] > 
[2025-12-10T15:15:00.022] > state
[2025-12-10T15:15:00.022] 
[2025-12-10T15:15:00.023] child
[2025-12-10T15:15:00.024] Done
[2025-12-10T15:15:00.025] > 
[2025-12-10T15:15:00.026] > parent
[2025-12-10T15:15:00.027] 
[2025-12-10T15:15:00.030] Ext Addr: 4a74f76b6296c142
[2025-12-10T15:15:00.030] Rloc: c00
[2025-12-10T15:15:00.031] Link Quality In: 3
[2025-12-10T15:15:00.032] Link Quality Out: 3
[2025-12-10T15:15:00.033] Age: 10
[2025-12-10T15:15:00.034] Version: 5
[2025-12-10T15:15:00.034] Done
[2025-12-10T15:15:00.034] > 
[2025-12-10T15:15:00.037] > ping fd72:e9dd:7d27:e872:0:ff:fe00:0c00
[2025-12-10T15:15:00.037] 
[2025-12-10T15:15:00.059] 16 bytes from fd72:e9dd:7d27:e872:0:ff:fe00:c00: icmp_seq=15 hlim=64 time=14ms
[2025-12-10T15:15:00.068] 1 packets transmitted, 1 packets received. Packet loss = 0.0%. Round-trip min/avg/max = 14/14.000/14 ms.
[2025-12-10T15:15:00.068] Done
[2025-12-10T15:15:00.069] > 
[2025-12-10T15:15:00.169] > 
[2025-12-10T15:15:01.087] txpower -13
[2025-12-10T15:15:01.087] 
[2025-12-10T15:15:01.088] Done
[2025-12-10T15:15:01.088] > 
[2025-12-10T15:15:01.089] > state
[2025-12-10T15:15:01.090] 
[2025-12-10T15:15:01.091] child
[2025-12-10T15:15:01.092] Done
[2025-12-10T15:15:01.092] > 
[2025-12-10T15:15:01.093] > parent
[2025-12-10T15:15:01.094] 
[2025-12-10T15:15:01.097] Ext Addr: 4a74f76b6296c142
[2025-12-10T15:15:01.099] Rloc: c00
[2025-12-10T15:15:01.102] Link Quality In: 3
[2025-12-10T15:15:01.104] Link Quality Out: 3
[2025-12-10T15:15:01.106] Age: 11
[2025-12-10T15:15:01.107] Version: 5
[2025-12-10T15:15:01.108] Done
[2025-12-10T15:15:01.109] > 
[2025-12-10T15:15:01.114] > ping fd72:e9dd:7d27:e872:0:ff:fe00:0c00
[2025-12-10T15:15:01.114] 
[2025-12-10T15:15:01.143] 16 bytes from fd72:e9dd:7d27:e872:0:ff:fe00:c00: icmp_seq=16 hlim=64 time=27ms
[2025-12-10T15:15:01.150] 1 packets transmitted, 1 packets received. Packet loss = 0.0%. Round-trip min/avg/max = 27/27.000/27 ms.
[2025-12-10T15:15:01.151] Done
[2025-12-10T15:15:01.151] > 
[2025-12-10T15:15:01.252] > 
[2025-12-10T15:15:02.069] txpower -13
[2025-12-10T15:15:02.070] 
[2025-12-10T15:15:02.071] Done
[2025-12-10T15:15:02.071] > 
[2025-12-10T15:15:02.073] > state
[2025-12-10T15:15:02.073] 
[2025-12-10T15:15:02.074] child
[2025-12-10T15:15:02.075] Done
[2025-12-10T15:15:02.076] > 
[2025-12-10T15:15:02.077] > parent
[2025-12-10T15:15:02.078] 
[2025-12-10T15:15:02.081] Ext Addr: 4a74f76b6296c142
[2025-12-10T15:15:02.081] Rloc: c00
[2025-12-10T15:15:02.082] Link Quality In: 3
[2025-12-10T15:15:02.084] Link Quality Out: 3
[2025-12-10T15:15:02.084] Age: 12
[2025-12-10T15:15:02.085] Version: 5
[2025-12-10T15:15:02.085] Done
[2025-12-10T15:15:02.086] > 
[2025-12-10T15:15:02.088] > ping fd72:e9dd:7d27:e872:0:ff:fe00:0c00
[2025-12-10T15:15:02.089] 
[2025-12-10T15:15:02.113] 16 bytes from fd72:e9dd:7d27:e872:0:ff:fe00:c00: icmp_seq=17 hlim=64 time=15ms
[2025-12-10T15:15:02.121] 1 packets transmitted, 1 packets received. Packet loss = 0.0%. Round-trip min/avg/max = 15/15.000/15 ms.
[2025-12-10T15:15:02.122] Done
[2025-12-10T15:15:02.122] > 
[2025-12-10T15:15:02.222] > 
[2025-12-10T15:15:03.040] txpower -13
[2025-12-10T15:15:03.040] 
[2025-12-10T15:15:03.041] Done
[2025-12-10T15:15:03.042] > 
[2025-12-10T15:15:03.043] > state
[2025-12-10T15:15:03.044] 
[2025-12-10T15:15:03.045] child
[2025-12-10T15:15:03.046] Done
[2025-12-10T15:15:03.046] > 
[2025-12-10T15:15:03.048] > parent
[2025-12-10T15:15:03.048] 
[2025-12-10T15:15:03.053] Ext Addr: 4a74f76b6296c142
[2025-12-10T15:15:03.054] Rloc: c00
[2025-12-10T15:15:03.057] Link Quality In: 3
[2025-12-10T15:15:03.060] Link Quality Out: 3
[2025-12-10T15:15:03.061] Age: 13
[2025-12-10T15:15:03.063] Version: 5
[2025-12-10T15:15:03.063] Done
[2025-12-10T15:15:03.064] > 
[2025-12-10T15:15:03.069] > ping fd72:e9dd:7d27:e872:0:ff:fe00:0c00
[2025-12-10T15:15:03.069] 
[2025-12-10T15:15:03.093] 16 bytes from fd72:e9dd:7d27:e872:0:ff:fe00:c00: icmp_seq=18 hlim=64 time=25ms
[2025-12-10T15:15:03.101] 1 packets transmitted, 1 packets received. Packet loss = 0.0%. Round-trip min/avg/max = 25/25.000/25 ms.
[2025-12-10T15:15:03.101] Done
[2025-12-10T15:15:03.102] > 
[2025-12-10T15:15:03.202] > 
[2025-12-10T15:15:04.020] txpower -13
[2025-12-10T15:15:04.021] 
[2025-12-10T15:15:04.022] Done
[2025-12-10T15:15:04.022] > 
[2025-12-10T15:15:04.022] > state
[2025-12-10T15:15:04.023] 
[2025-12-10T15:15:04.024] child
[2025-12-10T15:15:04.025] Done
[2025-12-10T15:15:04.026] > 
[2025-12-10T15:15:04.027] > parent
[2025-12-10T15:15:04.027] 
[2025-12-10T15:15:04.031] Ext Addr: 4a74f76b6296c142
[2025-12-10T15:15:04.033] Rloc: c00
[2025-12-10T15:15:04.035] Link Quality In: 3
[2025-12-10T15:15:04.038] Link Quality Out: 3
[2025-12-10T15:15:04.039] Age: 0
[2025-12-10T15:15:04.041] Version: 5
[2025-12-10T15:15:04.042] Done
[2025-12-10T15:15:04.042] > 
[2025-12-10T15:15:04.047] > ping fd72:e9dd:7d27:e872:0:ff:fe00:0c00
[2025-12-10T15:15:04.048] 
[2025-12-10T15:15:04.063] 16 bytes from fd72:e9dd:7d27:e872:0:ff:fe00:c00: icmp_seq=19 hlim=64 time=14ms
[2025-12-10T15:15:04.068] 1 packets transmitted, 1 packets received. Packet loss = 0.0%. Round-trip min/avg/max = 14/14.000/14 ms.
[2025-12-10T15:15:04.069] Done
[2025-12-10T15:15:04.069] > 
[2025-12-10T15:15:04.169] > 
[2025-12-10T15:15:05.086] txpower -13
[2025-12-10T15:15:05.086] 
[2025-12-10T15:15:05.087] Done
[2025-12-10T15:15:05.088] > 
[2025-12-10T15:15:05.089] > state
[2025-12-10T15:15:05.089] 
[2025-12-10T15:15:05.091] child
[2025-12-10T15:15:05.092] Done
[2025-12-10T15:15:05.092] > 
[2025-12-10T15:15:05.093] > parent
[2025-12-10T15:15:05.094] 
[2025-12-10T15:15:05.098] Ext Addr: 4a74f76b6296c142
[2025-12-10T15:15:05.099] Rloc: c00
[2025-12-10T15:15:05.102] Link Quality In: 3
[2025-12-10T15:15:05.104] Link Quality Out: 3
[2025-12-10T15:15:05.105] Age: 1
[2025-12-10T15:15:05.107] Version: 5
[2025-12-10T15:15:05.107] Done
[2025-12-10T15:15:05.108] > 
[2025-12-10T15:15:05.113] > ping fd72:e9dd:7d27:e872:0:ff:fe00:0c00
[2025-12-10T15:15:05.113] 
[2025-12-10T15:15:05.142] 16 bytes from fd72:e9dd:7d27:e872:0:ff:fe00:c00: icmp_seq=20 hlim=64 time=25ms
[2025-12-10T15:15:05.155] 1 packets transmitted, 1 packets received. Packet loss = 0.0%. Round-trip min/avg/max = 25/25.000/25 ms.
[2025-12-10T15:15:05.156] Done
[2025-12-10T15:15:05.156] > 
[2025-12-10T15:15:05.257] > 
[2025-12-10T15:15:06.074] txpower -13
[2025-12-10T15:15:06.075] 
[2025-12-10T15:15:06.075] Done
[2025-12-10T15:15:06.076] > 
[2025-12-10T15:15:06.077] > state
[2025-12-10T15:15:06.077] 
[2025-12-10T15:15:06.078] child
[2025-12-10T15:15:06.079] Done
[2025-12-10T15:15:06.080] > 
[2025-12-10T15:15:06.081] > parent
[2025-12-10T15:15:06.081] 
[2025-12-10T15:15:06.083] Ext Addr: 4a74f76b6296c142
[2025-12-10T15:15:06.084] Rloc: c00
[2025-12-10T15:15:06.085] Link Quality In: 3
[2025-12-10T15:15:06.087] Link Quality Out: 3
[2025-12-10T15:15:06.087] Age: 2
[2025-12-10T15:15:06.088] Version: 5
[2025-12-10T15:15:06.089] Done
[2025-12-10T15:15:06.089] > 
[2025-12-10T15:15:06.093] > ping fd72:e9dd:7d27:e872:0:ff:fe00:0c00
[2025-12-10T15:15:06.093] 
[2025-12-10T15:15:06.132] 16 bytes from fd72:e9dd:7d27:e872:0:ff:fe00:c00: icmp_seq=21 hlim=64 time=29ms
[2025-12-10T15:15:06.140] 1 packets transmitted, 1 packets received. Packet loss = 0.0%. Round-trip min/avg/max = 29/29.000/29 ms.
[2025-12-10T15:15:06.141] Done
[2025-12-10T15:15:06.141] > 
[2025-12-10T15:15:06.241] > 
[2025-12-10T15:15:07.059] txpower -13
[2025-12-10T15:15:07.059] 
[2025-12-10T15:15:07.060] Done
[2025-12-10T15:15:07.061] > 
[2025-12-10T15:15:07.062] > state
[2025-12-10T15:15:07.063] 
[2025-12-10T15:15:07.064] child
[2025-12-10T15:15:07.065] Done
[2025-12-10T15:15:07.066] > 
[2025-12-10T15:15:07.067] > parent
[2025-12-10T15:15:07.068] 
[2025-12-10T15:15:07.072] Ext Addr: 4a74f76b6296c142
[2025-12-10T15:15:07.074] Rloc: c00
[2025-12-10T15:15:07.077] Link Quality In: 3
[2025-12-10T15:15:07.079] Link Quality Out: 3
[2025-12-10T15:15:07.081] Age: 3
[2025-12-10T15:15:07.082] Version: 5
[2025-12-10T15:15:07.083] Done
[2025-12-10T15:15:07.084] > 
[2025-12-10T15:15:07.089] > ping fd72:e9dd:7d27:e872:0:ff:fe00:0c00
[2025-12-10T15:15:07.089] 
[2025-12-10T15:15:07.103] 16 bytes from fd72:e9dd:7d27:e872:0:ff:fe00:c00: icmp_seq=22 hlim=64 time=14ms
[2025-12-10T15:15:07.115] 1 packets transmitted, 1 packets received. Packet loss = 0.0%. Round-trip min/avg/max = 14/14.000/14 ms.
[2025-12-10T15:15:07.116] Done
[2025-12-10T15:15:07.116] > 
[2025-12-10T15:15:07.217] > 
[2025-12-10T15:15:08.034] txpower -13
[2025-12-10T15:15:08.035] 
[2025-12-10T15:15:08.036] Done
[2025-12-10T15:15:08.037] > 
[2025-12-10T15:15:08.038] > state
[2025-12-10T15:15:08.039] 
[2025-12-10T15:15:08.040] child
[2025-12-10T15:15:08.041] Done
[2025-12-10T15:15:08.042] > 
[2025-12-10T15:15:08.043] > parent
[2025-12-10T15:15:08.044] 
[2025-12-10T15:15:08.048] Ext Addr: 4a74f76b6296c142
[2025-12-10T15:15:08.050] Rloc: c00
[2025-12-10T15:15:08.052] Link Quality In: 3
[2025-12-10T15:15:08.053] Link Quality Out: 3
[2025-12-10T15:15:08.053] Age: 4
[2025-12-10T15:15:08.054] Version: 5
[2025-12-10T15:15:08.054] Done
[2025-12-10T15:15:08.055] > 
[2025-12-10T15:15:08.057] > ping fd72:e9dd:7d27:e872:0:ff:fe00:0c00
[2025-12-10T15:15:08.057] 
[2025-12-10T15:15:08.083] 16 bytes from fd72:e9dd:7d27:e872:0:ff:fe00:c00: icmp_seq=23 hlim=64 time=19ms
[2025-12-10T15:15:08.091] 1 packets transmitted, 1 packets received. Packet loss = 0.0%. Round-trip min/avg/max = 19/19.000/19 ms.
[2025-12-10T15:15:08.091] Done
[2025-12-10T15:15:08.091] > 
[2025-12-10T15:15:08.192] > 
